2023-12-17 23:31:04 INFO  TelegramBotConfiguration:20 - TelegramBot registered in TelegramBotConfiguration class
2023-12-18 00:36:46 INFO  TelegramBotConfiguration:20 - TelegramBot registered in TelegramBotConfiguration class
2023-12-18 00:39:06 INFO  TelegramBotConfiguration:20 - TelegramBot registered in TelegramBotConfiguration class
2023-12-18 00:39:45 INFO  TelegramBotConfiguration:20 - TelegramBot registered in TelegramBotConfiguration class
2023-12-18 01:36:45 INFO  TelegramBotConfiguration:20 - TelegramBot registered in TelegramBotConfiguration class
2023-12-18 01:44:04 INFO  TelegramBotConfiguration:20 - TelegramBot registered in TelegramBotConfiguration class
2023-12-18 01:46:02 INFO  TelegramBotConfiguration:20 - TelegramBot registered in TelegramBotConfiguration class
2023-12-18 02:09:45 INFO  TelegramBotConfiguration:20 - TelegramBot registered in TelegramBotConfiguration class
2023-12-18 02:11:42 INFO  TelegramBotConfiguration:20 - TelegramBot registered in TelegramBotConfiguration class
2023-12-18 02:13:33 INFO  TelegramBotConfiguration:20 - TelegramBot registered in TelegramBotConfiguration class
2023-12-18 02:16:17 INFO  TelegramBotConfiguration:20 - TelegramBot registered in TelegramBotConfiguration class
2023-12-18 02:21:25 INFO  TelegramBotConfiguration:20 - TelegramBot registered in TelegramBotConfiguration class
2023-12-18 02:22:38 INFO  TelegramBotConfiguration:20 - TelegramBot registered in TelegramBotConfiguration class
2023-12-18 02:41:06 INFO  TelegramBotConfiguration:20 - TelegramBot registered in TelegramBotConfiguration class
2023-12-18 02:43:11 INFO  TelegramBotConfiguration:20 - TelegramBot registered in TelegramBotConfiguration class
2023-12-18 02:43:35 INFO  TelegramBotConfiguration:20 - TelegramBot registered in TelegramBotConfiguration class
2023-12-18 02:49:51 INFO  TelegramBotConfiguration:20 - TelegramBot registered in TelegramBotConfiguration class
2023-12-18 03:23:54 INFO  TelegramBotConfiguration:20 - TelegramBot registered in TelegramBotConfiguration class
2023-12-18 03:24:31 INFO  TelegramBotConfiguration:20 - TelegramBot registered in TelegramBotConfiguration class
2023-12-18 03:25:36 INFO  TelegramBotConfiguration:20 - TelegramBot registered in TelegramBotConfiguration class
2023-12-18 03:28:00 INFO  TelegramBotConfiguration:20 - TelegramBot registered in TelegramBotConfiguration class
2023-12-18 03:29:05 INFO  TelegramBotConfiguration:20 - TelegramBot registered in TelegramBotConfiguration class
2023-12-18 03:29:49 INFO  TelegramBotConfiguration:20 - TelegramBot registered in TelegramBotConfiguration class
2023-12-18 03:33:03 INFO  TelegramBotConfiguration:20 - TelegramBot registered in TelegramBotConfiguration class
2023-12-18 04:04:58 INFO  TelegramBotConfiguration:20 - TelegramBot registered in TelegramBotConfiguration class
2023-12-18 04:10:10 INFO  TelegramBotConfiguration:20 - TelegramBot registered in TelegramBotConfiguration class
2023-12-18 04:39:12 INFO  TelegramBotConfiguration:20 - TelegramBot registered in TelegramBotConfiguration class
2023-12-18 04:42:04 INFO  TelegramBotConfiguration:20 - TelegramBot registered in TelegramBotConfiguration class
2023-12-18 05:34:44 INFO  TelegramBotConfiguration:20 - TelegramBot registered in TelegramBotConfiguration class
2023-12-18 16:31:34 INFO  TelegramBotConfiguration:20 - TelegramBot registered in TelegramBotConfiguration class
2023-12-18 16:35:20 INFO  TelegramBotConfiguration:20 - TelegramBot registered in TelegramBotConfiguration class
2023-12-18 16:35:28 INFO  TelegramBotConfiguration:20 - TelegramBot registered in TelegramBotConfiguration class
2023-12-18 17:00:44 INFO  TelegramBotConfiguration:20 - TelegramBot registered in TelegramBotConfiguration class
2023-12-18 17:02:24 INFO  TelegramBotConfiguration:20 - TelegramBot registered in TelegramBotConfiguration class
2023-12-18 17:10:28 INFO  TelegramBotConfiguration:20 - TelegramBot registered in TelegramBotConfiguration class
2023-12-18 17:27:34 INFO  TelegramBotConfiguration:20 - TelegramBot registered in TelegramBotConfiguration class
2023-12-18 17:28:06 INFO  TelegramBotConfiguration:20 - TelegramBot registered in TelegramBotConfiguration class
2023-12-18 17:31:05 INFO  TelegramBotConfiguration:20 - TelegramBot registered in TelegramBotConfiguration class
2023-12-18 17:33:42 INFO  TelegramBotConfiguration:20 - TelegramBot registered in TelegramBotConfiguration class
2023-12-18 17:40:35 INFO  TelegramBotConfiguration:20 - TelegramBot registered in TelegramBotConfiguration class
2023-12-18 17:43:16 INFO  TelegramBotConfiguration:20 - TelegramBot registered in TelegramBotConfiguration class
2023-12-18 17:54:18 INFO  TelegramBotConfiguration:20 - TelegramBot registered in TelegramBotConfiguration class
2023-12-18 17:54:59 INFO  TelegramBotConfiguration:20 - TelegramBot registered in TelegramBotConfiguration class
2023-12-18 17:57:17 INFO  TelegramBotConfiguration:20 - TelegramBot registered in TelegramBotConfiguration class
2023-12-18 18:01:51 INFO  TelegramBotConfiguration:20 - TelegramBot registered in TelegramBotConfiguration class
2023-12-18 18:04:44 INFO  TelegramBotConfiguration:20 - TelegramBot registered in TelegramBotConfiguration class
2023-12-18 18:05:41 ERROR UpdateController:79 - qwerty
2023-12-18 21:23:03 INFO  TelegramBotConfiguration:20 - TelegramBot registered in TelegramBotConfiguration class
2023-12-18 21:25:08 INFO  TelegramBotConfiguration:20 - TelegramBot registered in TelegramBotConfiguration class
2023-12-18 21:28:16 INFO  TelegramBotConfiguration:20 - TelegramBot registered in TelegramBotConfiguration class
2023-12-18 21:30:31 INFO  TelegramBotConfiguration:20 - TelegramBot registered in TelegramBotConfiguration class
2023-12-18 21:32:11 INFO  TelegramBotConfiguration:20 - TelegramBot registered in TelegramBotConfiguration class
2023-12-18 21:33:27 ERROR UpdateController:79 - qwerty
2023-12-18 21:34:42 INFO  TelegramBotConfiguration:20 - TelegramBot registered in TelegramBotConfiguration class
2023-12-18 21:45:00 INFO  TelegramBotConfiguration:20 - TelegramBot registered in TelegramBotConfiguration class
2023-12-18 21:46:12 INFO  TelegramBotConfiguration:20 - TelegramBot registered in TelegramBotConfiguration class
2023-12-18 21:47:47 INFO  TelegramBotConfiguration:20 - TelegramBot registered in TelegramBotConfiguration class
2023-12-18 21:48:39 INFO  TelegramBotConfiguration:20 - TelegramBot registered in TelegramBotConfiguration class
2023-12-18 21:49:24 INFO  TelegramBotConfiguration:20 - TelegramBot registered in TelegramBotConfiguration class
2023-12-18 21:50:36 INFO  TelegramBotConfiguration:20 - TelegramBot registered in TelegramBotConfiguration class
2023-12-18 21:54:14 INFO  TelegramBotConfiguration:20 - TelegramBot registered in TelegramBotConfiguration class
2023-12-18 21:58:13 INFO  TelegramBotConfiguration:20 - TelegramBot registered in TelegramBotConfiguration class
2023-12-18 23:15:21 INFO  TelegramBotConfiguration:20 - TelegramBot registered in TelegramBotConfiguration class
2023-12-18 23:16:01 INFO  TelegramBotConfiguration:20 - TelegramBot registered in TelegramBotConfiguration class
2023-12-18 23:38:49 INFO  TelegramBotConfiguration:20 - TelegramBot registered in TelegramBotConfiguration class
2023-12-18 23:38:54 ERROR SendBotMessageServiceImpl:31 - org.telegram.telegrambots.meta.exceptions.TelegramApiValidationException: Text parameter can't be empty in method: SendMessage(chatId=863809257, messageThreadId=null, text=, parseMode=null, disableWebPagePreview=null, disableNotification=null, replyToMessageId=null, replyMarkup=null, entities=null, allowSendingWithoutReply=null, protectContent=null)
2023-12-18 23:41:28 INFO  TelegramBotConfiguration:20 - TelegramBot registered in TelegramBotConfiguration class
2023-12-18 23:42:17 INFO  TelegramBotConfiguration:20 - TelegramBot registered in TelegramBotConfiguration class
2023-12-18 23:43:19 INFO  TelegramBotConfiguration:20 - TelegramBot registered in TelegramBotConfiguration class
2023-12-18 23:44:20 INFO  TelegramBotConfiguration:20 - TelegramBot registered in TelegramBotConfiguration class
2023-12-19 00:43:56 INFO  TelegramBotConfiguration:20 - TelegramBot registered in TelegramBotConfiguration class
2023-12-19 04:20:23 INFO  TelegramBotConfiguration:20 - TelegramBot registered in TelegramBotConfiguration class
2023-12-19 04:20:37 ERROR SendBotMessageServiceImpl:31 - org.telegram.telegrambots.meta.exceptions.TelegramApiValidationException: Text parameter can't be empty in method: SendMessage(chatId=863809257, messageThreadId=null, text=, parseMode=null, disableWebPagePreview=null, disableNotification=null, replyToMessageId=null, replyMarkup=null, entities=null, allowSendingWithoutReply=null, protectContent=null)
2023-12-19 04:21:52 ERROR SendBotMessageServiceImpl:31 - org.telegram.telegrambots.meta.exceptions.TelegramApiValidationException: Text parameter can't be empty in method: SendMessage(chatId=863809257, messageThreadId=null, text=, parseMode=null, disableWebPagePreview=null, disableNotification=null, replyToMessageId=null, replyMarkup=null, entities=null, allowSendingWithoutReply=null, protectContent=null)
2023-12-19 04:24:02 INFO  TelegramBotConfiguration:20 - TelegramBot registered in TelegramBotConfiguration class
2023-12-19 04:24:30 ERROR UpdateController:100 - qwerty
2023-12-19 04:28:31 INFO  TelegramBotConfiguration:20 - TelegramBot registered in TelegramBotConfiguration class
2023-12-19 04:30:27 INFO  TelegramBotConfiguration:20 - TelegramBot registered in TelegramBotConfiguration class
2023-12-19 04:31:50 INFO  TelegramBotConfiguration:20 - TelegramBot registered in TelegramBotConfiguration class
2023-12-19 05:27:22 INFO  TelegramBotConfiguration:20 - TelegramBot registered in TelegramBotConfiguration class
2023-12-19 05:27:35 ERROR DownloadFile:67 - java.io.FileNotFoundException: https://api.telegram.org/file/botnull/documents/file_1.xlsx
2023-12-19 05:43:01 INFO  TelegramBotConfiguration:20 - TelegramBot registered in TelegramBotConfiguration class
2023-12-19 05:49:49 INFO  TelegramBotConfiguration:20 - TelegramBot registered in TelegramBotConfiguration class
2023-12-19 05:50:03 ERROR DownloadFile:70 - java.io.FileNotFoundException: https://api.telegram.org/file/botnull/documents/file_3.xlsx
2023-12-19 05:53:10 INFO  TelegramBotConfiguration:20 - TelegramBot registered in TelegramBotConfiguration class
2023-12-19 05:53:26 ERROR DownloadFile:72 - java.io.FileNotFoundException: https://api.telegram.org/file/botnull/documents/file_4.xlsx
2023-12-19 05:56:31 INFO  TelegramBotConfiguration:20 - TelegramBot registered in TelegramBotConfiguration class
2023-12-19 06:06:16 INFO  TelegramBotConfiguration:20 - TelegramBot registered in TelegramBotConfiguration class
2023-12-19 06:06:23 ERROR SendBotMessageServiceImpl:30 - org.telegram.telegrambots.meta.exceptions.TelegramApiValidationException: Text parameter can't be empty in method: SendMessage(chatId=863809257, messageThreadId=null, text=, parseMode=null, disableWebPagePreview=null, disableNotification=null, replyToMessageId=null, replyMarkup=null, entities=null, allowSendingWithoutReply=null, protectContent=null)
2023-12-19 06:07:55 INFO  TelegramBotConfiguration:20 - TelegramBot registered in TelegramBotConfiguration class
2023-12-19 06:13:34 INFO  TelegramBotConfiguration:20 - TelegramBot registered in TelegramBotConfiguration class
2023-12-19 14:46:33 INFO  TelegramBotConfiguration:20 - TelegramBot registered in TelegramBotConfiguration class
2023-12-19 14:53:59 INFO  TelegramBotConfiguration:20 - TelegramBot registered in TelegramBotConfiguration class
2023-12-19 14:54:12 ERROR DownloadFile:72 - java.io.FileNotFoundException: https://api.telegram.org/file/botnull/documents/file_9.xlsx
2023-12-19 15:03:57 INFO  TelegramBotConfiguration:20 - TelegramBot registered in TelegramBotConfiguration class
2023-12-19 15:04:22 INFO  TelegramBotConfiguration:20 - TelegramBot registered in TelegramBotConfiguration class
2023-12-19 15:04:41 ERROR DownloadFile:76 - java.io.FileNotFoundException: https://api.telegram.org/file/botnull/documents/file_10.xlsx
2023-12-19 15:08:53 INFO  TelegramBotConfiguration:20 - TelegramBot registered in TelegramBotConfiguration class
2023-12-19 15:09:08 INFO  DownloadFile:58 - 
2023-12-19 15:09:08 ERROR DownloadFile:77 - java.io.FileNotFoundException: https://api.telegram.org/file/botnull/documents/file_11.xlsx
2023-12-19 15:12:38 INFO  TelegramBotConfiguration:20 - TelegramBot registered in TelegramBotConfiguration class
2023-12-19 15:12:50 INFO  DownloadFile:58 - 6738642132:AAGnN6yJcR0P53R0mKccz8gjD4CMSKLR-nk
2023-12-19 15:17:48 INFO  TelegramBotConfiguration:20 - TelegramBot registered in TelegramBotConfiguration class
2023-12-19 16:06:26 INFO  TelegramBotConfiguration:20 - TelegramBot registered in TelegramBotConfiguration class
2023-12-19 16:08:35 INFO  TelegramBotConfiguration:20 - TelegramBot registered in TelegramBotConfiguration class
2023-12-19 16:13:30 INFO  TelegramBotConfiguration:20 - TelegramBot registered in TelegramBotConfiguration class
2023-12-19 16:14:38 INFO  TelegramBotConfiguration:20 - TelegramBot registered in TelegramBotConfiguration class
2023-12-19 16:16:46 INFO  TelegramBotConfiguration:20 - TelegramBot registered in TelegramBotConfiguration class
2023-12-19 16:19:19 INFO  TelegramBotConfiguration:20 - TelegramBot registered in TelegramBotConfiguration class
2023-12-19 16:19:23 ERROR UploadFile:42 - java.io.FileNotFoundException: ..src\files\excel_file_20231219_161923.xlsx (Системе не удается найти указанный путь)
2023-12-19 16:19:25 ERROR SendBotMessageServiceImpl:40 - Error sending file
org.telegram.telegrambots.meta.exceptions.TelegramApiException: Unable to send document
	at org.telegram.telegrambots.bots.DefaultAbsSender.execute(DefaultAbsSender.java:223)
	at kz.bakdaulet.telegramchatbot.service.impl.SendBotMessageServiceImpl.sendFile(SendBotMessageServiceImpl.java:38)
	at kz.bakdaulet.telegramchatbot.contoller.UpdateController.download(UpdateController.java:130)
	at kz.bakdaulet.telegramchatbot.contoller.UpdateController.sendMessage(UpdateController.java:111)
	at kz.bakdaulet.telegramchatbot.contoller.UpdateController.processUpdate(UpdateController.java:94)
	at kz.bakdaulet.telegramchatbot.contoller.TelegramBot.onUpdateReceived(TelegramBot.java:30)
	at java.base/java.util.ArrayList.forEach(ArrayList.java:1511)
	at org.telegram.telegrambots.meta.generics.LongPollingBot.onUpdatesReceived(LongPollingBot.java:27)
	at org.telegram.telegrambots.updatesreceivers.DefaultBotSession$HandlerThread.run(DefaultBotSession.java:312)
Caused by: java.io.FileNotFoundException: ..src\files\excel_file_20231219_161923.xlsx (Системе не удается найти указанный путь)
	at java.base/java.io.FileInputStream.open0(Native Method)
	at java.base/java.io.FileInputStream.open(FileInputStream.java:216)
	at java.base/java.io.FileInputStream.<init>(FileInputStream.java:157)
	at org.apache.http.entity.mime.content.FileBody.writeTo(FileBody.java:116)
	at org.apache.http.entity.mime.AbstractMultipartForm.doWriteTo(AbstractMultipartForm.java:134)
	at org.apache.http.entity.mime.AbstractMultipartForm.writeTo(AbstractMultipartForm.java:157)
	at org.apache.http.entity.mime.MultipartFormEntity.writeTo(MultipartFormEntity.java:113)
	at org.apache.http.impl.DefaultBHttpClientConnection.sendRequestEntity(DefaultBHttpClientConnection.java:156)
	at org.apache.http.impl.conn.CPoolProxy.sendRequestEntity(CPoolProxy.java:152)
	at org.apache.http.protocol.HttpRequestExecutor.doSendRequest(HttpRequestExecutor.java:238)
	at org.apache.http.protocol.HttpRequestExecutor.execute(HttpRequestExecutor.java:123)
	at org.apache.http.impl.execchain.MainClientExec.execute(MainClientExec.java:272)
	at org.apache.http.impl.execchain.ProtocolExec.execute(ProtocolExec.java:186)
	at org.apache.http.impl.execchain.RetryExec.execute(RetryExec.java:89)
	at org.apache.http.impl.execchain.RedirectExec.execute(RedirectExec.java:110)
	at org.apache.http.impl.client.InternalHttpClient.doExecute(InternalHttpClient.java:185)
	at org.apache.http.impl.client.CloseableHttpClient.execute(CloseableHttpClient.java:83)
	at org.telegram.telegrambots.bots.DefaultAbsSender.sendHttpPostRequest(DefaultAbsSender.java:1149)
	at org.telegram.telegrambots.bots.DefaultAbsSender.execute(DefaultAbsSender.java:221)
	... 8 more
2023-12-19 16:28:15 INFO  TelegramBotConfiguration:20 - TelegramBot registered in TelegramBotConfiguration class
2023-12-19 16:28:28 ERROR UploadFile:45 - java.io.FileNotFoundException: D:\BackendSpring\Telegram\TelegramChatBot\TelegramChatBot\src\main\resources\filesexcel_file_20231219_162827.xlsx (Системе не удается найти указанный путь)
2023-12-19 16:28:29 ERROR SendBotMessageServiceImpl:40 - Error sending file
org.telegram.telegrambots.meta.exceptions.TelegramApiException: Unable to send document
	at org.telegram.telegrambots.bots.DefaultAbsSender.execute(DefaultAbsSender.java:223)
	at kz.bakdaulet.telegramchatbot.service.impl.SendBotMessageServiceImpl.sendFile(SendBotMessageServiceImpl.java:38)
	at kz.bakdaulet.telegramchatbot.contoller.UpdateController.download(UpdateController.java:130)
	at kz.bakdaulet.telegramchatbot.contoller.UpdateController.sendMessage(UpdateController.java:111)
	at kz.bakdaulet.telegramchatbot.contoller.UpdateController.processUpdate(UpdateController.java:94)
	at kz.bakdaulet.telegramchatbot.contoller.TelegramBot.onUpdateReceived(TelegramBot.java:30)
	at java.base/java.util.ArrayList.forEach(ArrayList.java:1511)
	at org.telegram.telegrambots.meta.generics.LongPollingBot.onUpdatesReceived(LongPollingBot.java:27)
	at org.telegram.telegrambots.updatesreceivers.DefaultBotSession$HandlerThread.run(DefaultBotSession.java:312)
Caused by: java.io.FileNotFoundException: D:\BackendSpring\Telegram\TelegramChatBot\TelegramChatBot\src\main\resources\filesexcel_file_20231219_162827.xlsx (Системе не удается найти указанный путь)
	at java.base/java.io.FileInputStream.open0(Native Method)
	at java.base/java.io.FileInputStream.open(FileInputStream.java:216)
	at java.base/java.io.FileInputStream.<init>(FileInputStream.java:157)
	at org.apache.http.entity.mime.content.FileBody.writeTo(FileBody.java:116)
	at org.apache.http.entity.mime.AbstractMultipartForm.doWriteTo(AbstractMultipartForm.java:134)
	at org.apache.http.entity.mime.AbstractMultipartForm.writeTo(AbstractMultipartForm.java:157)
	at org.apache.http.entity.mime.MultipartFormEntity.writeTo(MultipartFormEntity.java:113)
	at org.apache.http.impl.DefaultBHttpClientConnection.sendRequestEntity(DefaultBHttpClientConnection.java:156)
	at org.apache.http.impl.conn.CPoolProxy.sendRequestEntity(CPoolProxy.java:152)
	at org.apache.http.protocol.HttpRequestExecutor.doSendRequest(HttpRequestExecutor.java:238)
	at org.apache.http.protocol.HttpRequestExecutor.execute(HttpRequestExecutor.java:123)
	at org.apache.http.impl.execchain.MainClientExec.execute(MainClientExec.java:272)
	at org.apache.http.impl.execchain.ProtocolExec.execute(ProtocolExec.java:186)
	at org.apache.http.impl.execchain.RetryExec.execute(RetryExec.java:89)
	at org.apache.http.impl.execchain.RedirectExec.execute(RedirectExec.java:110)
	at org.apache.http.impl.client.InternalHttpClient.doExecute(InternalHttpClient.java:185)
	at org.apache.http.impl.client.CloseableHttpClient.execute(CloseableHttpClient.java:83)
	at org.telegram.telegrambots.bots.DefaultAbsSender.sendHttpPostRequest(DefaultAbsSender.java:1149)
	at org.telegram.telegrambots.bots.DefaultAbsSender.execute(DefaultAbsSender.java:221)
	... 8 more
2023-12-19 16:29:49 INFO  TelegramBotConfiguration:20 - TelegramBot registered in TelegramBotConfiguration class
2023-12-19 16:29:55 ERROR UploadFile:45 - java.io.FileNotFoundException: D:\BackendSpring\Telegram\TelegramChatBot\TelegramChatBot\src\files\excel_file_20231219_162954.xlsx (Системе не удается найти указанный путь)
2023-12-19 16:29:56 ERROR SendBotMessageServiceImpl:40 - Error sending file
org.telegram.telegrambots.meta.exceptions.TelegramApiException: Unable to send document
	at org.telegram.telegrambots.bots.DefaultAbsSender.execute(DefaultAbsSender.java:223)
	at kz.bakdaulet.telegramchatbot.service.impl.SendBotMessageServiceImpl.sendFile(SendBotMessageServiceImpl.java:38)
	at kz.bakdaulet.telegramchatbot.contoller.UpdateController.download(UpdateController.java:130)
	at kz.bakdaulet.telegramchatbot.contoller.UpdateController.sendMessage(UpdateController.java:111)
	at kz.bakdaulet.telegramchatbot.contoller.UpdateController.processUpdate(UpdateController.java:94)
	at kz.bakdaulet.telegramchatbot.contoller.TelegramBot.onUpdateReceived(TelegramBot.java:30)
	at java.base/java.util.ArrayList.forEach(ArrayList.java:1511)
	at org.telegram.telegrambots.meta.generics.LongPollingBot.onUpdatesReceived(LongPollingBot.java:27)
	at org.telegram.telegrambots.updatesreceivers.DefaultBotSession$HandlerThread.run(DefaultBotSession.java:312)
Caused by: java.io.FileNotFoundException: D:\BackendSpring\Telegram\TelegramChatBot\TelegramChatBot\src\files\excel_file_20231219_162954.xlsx (Системе не удается найти указанный путь)
	at java.base/java.io.FileInputStream.open0(Native Method)
	at java.base/java.io.FileInputStream.open(FileInputStream.java:216)
	at java.base/java.io.FileInputStream.<init>(FileInputStream.java:157)
	at org.apache.http.entity.mime.content.FileBody.writeTo(FileBody.java:116)
	at org.apache.http.entity.mime.AbstractMultipartForm.doWriteTo(AbstractMultipartForm.java:134)
	at org.apache.http.entity.mime.AbstractMultipartForm.writeTo(AbstractMultipartForm.java:157)
	at org.apache.http.entity.mime.MultipartFormEntity.writeTo(MultipartFormEntity.java:113)
	at org.apache.http.impl.DefaultBHttpClientConnection.sendRequestEntity(DefaultBHttpClientConnection.java:156)
	at org.apache.http.impl.conn.CPoolProxy.sendRequestEntity(CPoolProxy.java:152)
	at org.apache.http.protocol.HttpRequestExecutor.doSendRequest(HttpRequestExecutor.java:238)
	at org.apache.http.protocol.HttpRequestExecutor.execute(HttpRequestExecutor.java:123)
	at org.apache.http.impl.execchain.MainClientExec.execute(MainClientExec.java:272)
	at org.apache.http.impl.execchain.ProtocolExec.execute(ProtocolExec.java:186)
	at org.apache.http.impl.execchain.RetryExec.execute(RetryExec.java:89)
	at org.apache.http.impl.execchain.RedirectExec.execute(RedirectExec.java:110)
	at org.apache.http.impl.client.InternalHttpClient.doExecute(InternalHttpClient.java:185)
	at org.apache.http.impl.client.CloseableHttpClient.execute(CloseableHttpClient.java:83)
	at org.telegram.telegrambots.bots.DefaultAbsSender.sendHttpPostRequest(DefaultAbsSender.java:1149)
	at org.telegram.telegrambots.bots.DefaultAbsSender.execute(DefaultAbsSender.java:221)
	... 8 more
2023-12-19 16:30:23 INFO  TelegramBotConfiguration:20 - TelegramBot registered in TelegramBotConfiguration class
2023-12-19 16:30:30 ERROR UploadFile:45 - java.io.FileNotFoundException: D:\BackendSpring\Telegram\TelegramChatBot\TelegramChatBot\src\files\excel_file_20231219_163029.xlsx (Системе не удается найти указанный путь)
2023-12-19 16:30:31 ERROR SendBotMessageServiceImpl:40 - Error sending file
org.telegram.telegrambots.meta.exceptions.TelegramApiException: Unable to send document
	at org.telegram.telegrambots.bots.DefaultAbsSender.execute(DefaultAbsSender.java:223)
	at kz.bakdaulet.telegramchatbot.service.impl.SendBotMessageServiceImpl.sendFile(SendBotMessageServiceImpl.java:38)
	at kz.bakdaulet.telegramchatbot.contoller.UpdateController.download(UpdateController.java:130)
	at kz.bakdaulet.telegramchatbot.contoller.UpdateController.sendMessage(UpdateController.java:111)
	at kz.bakdaulet.telegramchatbot.contoller.UpdateController.processUpdate(UpdateController.java:94)
	at kz.bakdaulet.telegramchatbot.contoller.TelegramBot.onUpdateReceived(TelegramBot.java:30)
	at java.base/java.util.ArrayList.forEach(ArrayList.java:1511)
	at org.telegram.telegrambots.meta.generics.LongPollingBot.onUpdatesReceived(LongPollingBot.java:27)
	at org.telegram.telegrambots.updatesreceivers.DefaultBotSession$HandlerThread.run(DefaultBotSession.java:312)
Caused by: java.io.FileNotFoundException: D:\BackendSpring\Telegram\TelegramChatBot\TelegramChatBot\src\files\excel_file_20231219_163029.xlsx (Системе не удается найти указанный путь)
	at java.base/java.io.FileInputStream.open0(Native Method)
	at java.base/java.io.FileInputStream.open(FileInputStream.java:216)
	at java.base/java.io.FileInputStream.<init>(FileInputStream.java:157)
	at org.apache.http.entity.mime.content.FileBody.writeTo(FileBody.java:116)
	at org.apache.http.entity.mime.AbstractMultipartForm.doWriteTo(AbstractMultipartForm.java:134)
	at org.apache.http.entity.mime.AbstractMultipartForm.writeTo(AbstractMultipartForm.java:157)
	at org.apache.http.entity.mime.MultipartFormEntity.writeTo(MultipartFormEntity.java:113)
	at org.apache.http.impl.DefaultBHttpClientConnection.sendRequestEntity(DefaultBHttpClientConnection.java:156)
	at org.apache.http.impl.conn.CPoolProxy.sendRequestEntity(CPoolProxy.java:152)
	at org.apache.http.protocol.HttpRequestExecutor.doSendRequest(HttpRequestExecutor.java:238)
	at org.apache.http.protocol.HttpRequestExecutor.execute(HttpRequestExecutor.java:123)
	at org.apache.http.impl.execchain.MainClientExec.execute(MainClientExec.java:272)
	at org.apache.http.impl.execchain.ProtocolExec.execute(ProtocolExec.java:186)
	at org.apache.http.impl.execchain.RetryExec.execute(RetryExec.java:89)
	at org.apache.http.impl.execchain.RedirectExec.execute(RedirectExec.java:110)
	at org.apache.http.impl.client.InternalHttpClient.doExecute(InternalHttpClient.java:185)
	at org.apache.http.impl.client.CloseableHttpClient.execute(CloseableHttpClient.java:83)
	at org.telegram.telegrambots.bots.DefaultAbsSender.sendHttpPostRequest(DefaultAbsSender.java:1149)
	at org.telegram.telegrambots.bots.DefaultAbsSender.execute(DefaultAbsSender.java:221)
	... 8 more
2023-12-19 16:31:59 INFO  TelegramBotConfiguration:20 - TelegramBot registered in TelegramBotConfiguration class
2023-12-19 16:32:07 ERROR UploadFile:46 - java.io.FileNotFoundException: D:\BackendSpring\Telegram\TelegramChatBot\TelegramChatBot\src\files\excel_file_20231219_163206.xlsx (Системе не удается найти указанный путь)
2023-12-19 16:32:09 ERROR SendBotMessageServiceImpl:40 - Error sending file
org.telegram.telegrambots.meta.exceptions.TelegramApiException: Unable to send document
	at org.telegram.telegrambots.bots.DefaultAbsSender.execute(DefaultAbsSender.java:223)
	at kz.bakdaulet.telegramchatbot.service.impl.SendBotMessageServiceImpl.sendFile(SendBotMessageServiceImpl.java:38)
	at kz.bakdaulet.telegramchatbot.contoller.UpdateController.download(UpdateController.java:130)
	at kz.bakdaulet.telegramchatbot.contoller.UpdateController.sendMessage(UpdateController.java:111)
	at kz.bakdaulet.telegramchatbot.contoller.UpdateController.processUpdate(UpdateController.java:94)
	at kz.bakdaulet.telegramchatbot.contoller.TelegramBot.onUpdateReceived(TelegramBot.java:30)
	at java.base/java.util.ArrayList.forEach(ArrayList.java:1511)
	at org.telegram.telegrambots.meta.generics.LongPollingBot.onUpdatesReceived(LongPollingBot.java:27)
	at org.telegram.telegrambots.updatesreceivers.DefaultBotSession$HandlerThread.run(DefaultBotSession.java:312)
Caused by: java.io.FileNotFoundException: D:\BackendSpring\Telegram\TelegramChatBot\TelegramChatBot\src\files\excel_file_20231219_163206.xlsx (Системе не удается найти указанный путь)
	at java.base/java.io.FileInputStream.open0(Native Method)
	at java.base/java.io.FileInputStream.open(FileInputStream.java:216)
	at java.base/java.io.FileInputStream.<init>(FileInputStream.java:157)
	at org.apache.http.entity.mime.content.FileBody.writeTo(FileBody.java:116)
	at org.apache.http.entity.mime.AbstractMultipartForm.doWriteTo(AbstractMultipartForm.java:134)
	at org.apache.http.entity.mime.AbstractMultipartForm.writeTo(AbstractMultipartForm.java:157)
	at org.apache.http.entity.mime.MultipartFormEntity.writeTo(MultipartFormEntity.java:113)
	at org.apache.http.impl.DefaultBHttpClientConnection.sendRequestEntity(DefaultBHttpClientConnection.java:156)
	at org.apache.http.impl.conn.CPoolProxy.sendRequestEntity(CPoolProxy.java:152)
	at org.apache.http.protocol.HttpRequestExecutor.doSendRequest(HttpRequestExecutor.java:238)
	at org.apache.http.protocol.HttpRequestExecutor.execute(HttpRequestExecutor.java:123)
	at org.apache.http.impl.execchain.MainClientExec.execute(MainClientExec.java:272)
	at org.apache.http.impl.execchain.ProtocolExec.execute(ProtocolExec.java:186)
	at org.apache.http.impl.execchain.RetryExec.execute(RetryExec.java:89)
	at org.apache.http.impl.execchain.RedirectExec.execute(RedirectExec.java:110)
	at org.apache.http.impl.client.InternalHttpClient.doExecute(InternalHttpClient.java:185)
	at org.apache.http.impl.client.CloseableHttpClient.execute(CloseableHttpClient.java:83)
	at org.telegram.telegrambots.bots.DefaultAbsSender.sendHttpPostRequest(DefaultAbsSender.java:1149)
	at org.telegram.telegrambots.bots.DefaultAbsSender.execute(DefaultAbsSender.java:221)
	... 8 more
2023-12-19 16:33:50 INFO  TelegramBotConfiguration:20 - TelegramBot registered in TelegramBotConfiguration class
2023-12-19 16:33:57 ERROR UploadFile:46 - java.io.FileNotFoundException: D:\BackendSpring\Telegram\TelegramChatBot\..\src\files\excel_file_20231219_163356.xlsx (Системе не удается найти указанный путь)
2023-12-19 16:33:58 ERROR SendBotMessageServiceImpl:40 - Error sending file
org.telegram.telegrambots.meta.exceptions.TelegramApiException: Unable to send document
	at org.telegram.telegrambots.bots.DefaultAbsSender.execute(DefaultAbsSender.java:223)
	at kz.bakdaulet.telegramchatbot.service.impl.SendBotMessageServiceImpl.sendFile(SendBotMessageServiceImpl.java:38)
	at kz.bakdaulet.telegramchatbot.contoller.UpdateController.download(UpdateController.java:130)
	at kz.bakdaulet.telegramchatbot.contoller.UpdateController.sendMessage(UpdateController.java:111)
	at kz.bakdaulet.telegramchatbot.contoller.UpdateController.processUpdate(UpdateController.java:94)
	at kz.bakdaulet.telegramchatbot.contoller.TelegramBot.onUpdateReceived(TelegramBot.java:30)
	at java.base/java.util.ArrayList.forEach(ArrayList.java:1511)
	at org.telegram.telegrambots.meta.generics.LongPollingBot.onUpdatesReceived(LongPollingBot.java:27)
	at org.telegram.telegrambots.updatesreceivers.DefaultBotSession$HandlerThread.run(DefaultBotSession.java:312)
Caused by: java.io.FileNotFoundException: D:\BackendSpring\Telegram\TelegramChatBot\..\src\files\excel_file_20231219_163356.xlsx (Системе не удается найти указанный путь)
	at java.base/java.io.FileInputStream.open0(Native Method)
	at java.base/java.io.FileInputStream.open(FileInputStream.java:216)
	at java.base/java.io.FileInputStream.<init>(FileInputStream.java:157)
	at org.apache.http.entity.mime.content.FileBody.writeTo(FileBody.java:116)
	at org.apache.http.entity.mime.AbstractMultipartForm.doWriteTo(AbstractMultipartForm.java:134)
	at org.apache.http.entity.mime.AbstractMultipartForm.writeTo(AbstractMultipartForm.java:157)
	at org.apache.http.entity.mime.MultipartFormEntity.writeTo(MultipartFormEntity.java:113)
	at org.apache.http.impl.DefaultBHttpClientConnection.sendRequestEntity(DefaultBHttpClientConnection.java:156)
	at org.apache.http.impl.conn.CPoolProxy.sendRequestEntity(CPoolProxy.java:152)
	at org.apache.http.protocol.HttpRequestExecutor.doSendRequest(HttpRequestExecutor.java:238)
	at org.apache.http.protocol.HttpRequestExecutor.execute(HttpRequestExecutor.java:123)
	at org.apache.http.impl.execchain.MainClientExec.execute(MainClientExec.java:272)
	at org.apache.http.impl.execchain.ProtocolExec.execute(ProtocolExec.java:186)
	at org.apache.http.impl.execchain.RetryExec.execute(RetryExec.java:89)
	at org.apache.http.impl.execchain.RedirectExec.execute(RedirectExec.java:110)
	at org.apache.http.impl.client.InternalHttpClient.doExecute(InternalHttpClient.java:185)
	at org.apache.http.impl.client.CloseableHttpClient.execute(CloseableHttpClient.java:83)
	at org.telegram.telegrambots.bots.DefaultAbsSender.sendHttpPostRequest(DefaultAbsSender.java:1149)
	at org.telegram.telegrambots.bots.DefaultAbsSender.execute(DefaultAbsSender.java:221)
	... 8 more
2023-12-19 16:34:36 INFO  TelegramBotConfiguration:20 - TelegramBot registered in TelegramBotConfiguration class
2023-12-19 16:34:44 ERROR UploadFile:46 - java.io.FileNotFoundException: D:\src\files\excel_file_20231219_163444.xlsx (Системе не удается найти указанный путь)
2023-12-19 16:34:46 ERROR SendBotMessageServiceImpl:40 - Error sending file
org.telegram.telegrambots.meta.exceptions.TelegramApiException: Unable to send document
	at org.telegram.telegrambots.bots.DefaultAbsSender.execute(DefaultAbsSender.java:223)
	at kz.bakdaulet.telegramchatbot.service.impl.SendBotMessageServiceImpl.sendFile(SendBotMessageServiceImpl.java:38)
	at kz.bakdaulet.telegramchatbot.contoller.UpdateController.download(UpdateController.java:130)
	at kz.bakdaulet.telegramchatbot.contoller.UpdateController.sendMessage(UpdateController.java:111)
	at kz.bakdaulet.telegramchatbot.contoller.UpdateController.processUpdate(UpdateController.java:94)
	at kz.bakdaulet.telegramchatbot.contoller.TelegramBot.onUpdateReceived(TelegramBot.java:30)
	at java.base/java.util.ArrayList.forEach(ArrayList.java:1511)
	at org.telegram.telegrambots.meta.generics.LongPollingBot.onUpdatesReceived(LongPollingBot.java:27)
	at org.telegram.telegrambots.updatesreceivers.DefaultBotSession$HandlerThread.run(DefaultBotSession.java:312)
Caused by: java.io.FileNotFoundException: D:\src\files\excel_file_20231219_163444.xlsx (Системе не удается найти указанный путь)
	at java.base/java.io.FileInputStream.open0(Native Method)
	at java.base/java.io.FileInputStream.open(FileInputStream.java:216)
	at java.base/java.io.FileInputStream.<init>(FileInputStream.java:157)
	at org.apache.http.entity.mime.content.FileBody.writeTo(FileBody.java:116)
	at org.apache.http.entity.mime.AbstractMultipartForm.doWriteTo(AbstractMultipartForm.java:134)
	at org.apache.http.entity.mime.AbstractMultipartForm.writeTo(AbstractMultipartForm.java:157)
	at org.apache.http.entity.mime.MultipartFormEntity.writeTo(MultipartFormEntity.java:113)
	at org.apache.http.impl.DefaultBHttpClientConnection.sendRequestEntity(DefaultBHttpClientConnection.java:156)
	at org.apache.http.impl.conn.CPoolProxy.sendRequestEntity(CPoolProxy.java:152)
	at org.apache.http.protocol.HttpRequestExecutor.doSendRequest(HttpRequestExecutor.java:238)
	at org.apache.http.protocol.HttpRequestExecutor.execute(HttpRequestExecutor.java:123)
	at org.apache.http.impl.execchain.MainClientExec.execute(MainClientExec.java:272)
	at org.apache.http.impl.execchain.ProtocolExec.execute(ProtocolExec.java:186)
	at org.apache.http.impl.execchain.RetryExec.execute(RetryExec.java:89)
	at org.apache.http.impl.execchain.RedirectExec.execute(RedirectExec.java:110)
	at org.apache.http.impl.client.InternalHttpClient.doExecute(InternalHttpClient.java:185)
	at org.apache.http.impl.client.CloseableHttpClient.execute(CloseableHttpClient.java:83)
	at org.telegram.telegrambots.bots.DefaultAbsSender.sendHttpPostRequest(DefaultAbsSender.java:1149)
	at org.telegram.telegrambots.bots.DefaultAbsSender.execute(DefaultAbsSender.java:221)
	... 8 more
2023-12-19 16:35:17 INFO  TelegramBotConfiguration:20 - TelegramBot registered in TelegramBotConfiguration class
2023-12-19 16:35:23 ERROR UploadFile:46 - java.io.FileNotFoundException: D:\BackendSpring\Telegram\TelegramChatBot\TelegramChatBot\src\files\excel_file_20231219_163522.xlsx (Системе не удается найти указанный путь)
2023-12-19 16:35:24 ERROR SendBotMessageServiceImpl:40 - Error sending file
org.telegram.telegrambots.meta.exceptions.TelegramApiException: Unable to send document
	at org.telegram.telegrambots.bots.DefaultAbsSender.execute(DefaultAbsSender.java:223)
	at kz.bakdaulet.telegramchatbot.service.impl.SendBotMessageServiceImpl.sendFile(SendBotMessageServiceImpl.java:38)
	at kz.bakdaulet.telegramchatbot.contoller.UpdateController.download(UpdateController.java:130)
	at kz.bakdaulet.telegramchatbot.contoller.UpdateController.sendMessage(UpdateController.java:111)
	at kz.bakdaulet.telegramchatbot.contoller.UpdateController.processUpdate(UpdateController.java:94)
	at kz.bakdaulet.telegramchatbot.contoller.TelegramBot.onUpdateReceived(TelegramBot.java:30)
	at java.base/java.util.ArrayList.forEach(ArrayList.java:1511)
	at org.telegram.telegrambots.meta.generics.LongPollingBot.onUpdatesReceived(LongPollingBot.java:27)
	at org.telegram.telegrambots.updatesreceivers.DefaultBotSession$HandlerThread.run(DefaultBotSession.java:312)
Caused by: java.io.FileNotFoundException: D:\BackendSpring\Telegram\TelegramChatBot\TelegramChatBot\src\files\excel_file_20231219_163522.xlsx (Системе не удается найти указанный путь)
	at java.base/java.io.FileInputStream.open0(Native Method)
	at java.base/java.io.FileInputStream.open(FileInputStream.java:216)
	at java.base/java.io.FileInputStream.<init>(FileInputStream.java:157)
	at org.apache.http.entity.mime.content.FileBody.writeTo(FileBody.java:116)
	at org.apache.http.entity.mime.AbstractMultipartForm.doWriteTo(AbstractMultipartForm.java:134)
	at org.apache.http.entity.mime.AbstractMultipartForm.writeTo(AbstractMultipartForm.java:157)
	at org.apache.http.entity.mime.MultipartFormEntity.writeTo(MultipartFormEntity.java:113)
	at org.apache.http.impl.DefaultBHttpClientConnection.sendRequestEntity(DefaultBHttpClientConnection.java:156)
	at org.apache.http.impl.conn.CPoolProxy.sendRequestEntity(CPoolProxy.java:152)
	at org.apache.http.protocol.HttpRequestExecutor.doSendRequest(HttpRequestExecutor.java:238)
	at org.apache.http.protocol.HttpRequestExecutor.execute(HttpRequestExecutor.java:123)
	at org.apache.http.impl.execchain.MainClientExec.execute(MainClientExec.java:272)
	at org.apache.http.impl.execchain.ProtocolExec.execute(ProtocolExec.java:186)
	at org.apache.http.impl.execchain.RetryExec.execute(RetryExec.java:89)
	at org.apache.http.impl.execchain.RedirectExec.execute(RedirectExec.java:110)
	at org.apache.http.impl.client.InternalHttpClient.doExecute(InternalHttpClient.java:185)
	at org.apache.http.impl.client.CloseableHttpClient.execute(CloseableHttpClient.java:83)
	at org.telegram.telegrambots.bots.DefaultAbsSender.sendHttpPostRequest(DefaultAbsSender.java:1149)
	at org.telegram.telegrambots.bots.DefaultAbsSender.execute(DefaultAbsSender.java:221)
	... 8 more
2023-12-19 16:37:15 INFO  TelegramBotConfiguration:20 - TelegramBot registered in TelegramBotConfiguration class
2023-12-19 16:37:26 ERROR UploadFile:46 - java.io.FileNotFoundException: D:\BackendSpring\Telegram\TelegramChatBot\TelegramChatBot\src\files\excel_file_20231219_163725.xlsx (Системе не удается найти указанный путь)
2023-12-19 16:37:27 ERROR SendBotMessageServiceImpl:40 - Error sending file
org.telegram.telegrambots.meta.exceptions.TelegramApiException: Unable to send document
	at org.telegram.telegrambots.bots.DefaultAbsSender.execute(DefaultAbsSender.java:223)
	at kz.bakdaulet.telegramchatbot.service.impl.SendBotMessageServiceImpl.sendFile(SendBotMessageServiceImpl.java:38)
	at kz.bakdaulet.telegramchatbot.contoller.UpdateController.download(UpdateController.java:130)
	at kz.bakdaulet.telegramchatbot.contoller.UpdateController.sendMessage(UpdateController.java:111)
	at kz.bakdaulet.telegramchatbot.contoller.UpdateController.processUpdate(UpdateController.java:94)
	at kz.bakdaulet.telegramchatbot.contoller.TelegramBot.onUpdateReceived(TelegramBot.java:30)
	at java.base/java.util.ArrayList.forEach(ArrayList.java:1511)
	at org.telegram.telegrambots.meta.generics.LongPollingBot.onUpdatesReceived(LongPollingBot.java:27)
	at org.telegram.telegrambots.updatesreceivers.DefaultBotSession$HandlerThread.run(DefaultBotSession.java:312)
Caused by: java.io.FileNotFoundException: D:\BackendSpring\Telegram\TelegramChatBot\TelegramChatBot\src\files\excel_file_20231219_163725.xlsx (Системе не удается найти указанный путь)
	at java.base/java.io.FileInputStream.open0(Native Method)
	at java.base/java.io.FileInputStream.open(FileInputStream.java:216)
	at java.base/java.io.FileInputStream.<init>(FileInputStream.java:157)
	at org.apache.http.entity.mime.content.FileBody.writeTo(FileBody.java:116)
	at org.apache.http.entity.mime.AbstractMultipartForm.doWriteTo(AbstractMultipartForm.java:134)
	at org.apache.http.entity.mime.AbstractMultipartForm.writeTo(AbstractMultipartForm.java:157)
	at org.apache.http.entity.mime.MultipartFormEntity.writeTo(MultipartFormEntity.java:113)
	at org.apache.http.impl.DefaultBHttpClientConnection.sendRequestEntity(DefaultBHttpClientConnection.java:156)
	at org.apache.http.impl.conn.CPoolProxy.sendRequestEntity(CPoolProxy.java:152)
	at org.apache.http.protocol.HttpRequestExecutor.doSendRequest(HttpRequestExecutor.java:238)
	at org.apache.http.protocol.HttpRequestExecutor.execute(HttpRequestExecutor.java:123)
	at org.apache.http.impl.execchain.MainClientExec.execute(MainClientExec.java:272)
	at org.apache.http.impl.execchain.ProtocolExec.execute(ProtocolExec.java:186)
	at org.apache.http.impl.execchain.RetryExec.execute(RetryExec.java:89)
	at org.apache.http.impl.execchain.RedirectExec.execute(RedirectExec.java:110)
	at org.apache.http.impl.client.InternalHttpClient.doExecute(InternalHttpClient.java:185)
	at org.apache.http.impl.client.CloseableHttpClient.execute(CloseableHttpClient.java:83)
	at org.telegram.telegrambots.bots.DefaultAbsSender.sendHttpPostRequest(DefaultAbsSender.java:1149)
	at org.telegram.telegrambots.bots.DefaultAbsSender.execute(DefaultAbsSender.java:221)
	... 8 more
2023-12-19 16:37:52 INFO  TelegramBotConfiguration:20 - TelegramBot registered in TelegramBotConfiguration class
2023-12-19 16:37:58 ERROR UploadFile:46 - java.io.FileNotFoundException: D:\BackendSpring\Telegram\src\files\excel_file_20231219_163757.xlsx (Системе не удается найти указанный путь)
2023-12-19 16:37:59 ERROR SendBotMessageServiceImpl:40 - Error sending file
org.telegram.telegrambots.meta.exceptions.TelegramApiException: Unable to send document
	at org.telegram.telegrambots.bots.DefaultAbsSender.execute(DefaultAbsSender.java:223)
	at kz.bakdaulet.telegramchatbot.service.impl.SendBotMessageServiceImpl.sendFile(SendBotMessageServiceImpl.java:38)
	at kz.bakdaulet.telegramchatbot.contoller.UpdateController.download(UpdateController.java:130)
	at kz.bakdaulet.telegramchatbot.contoller.UpdateController.sendMessage(UpdateController.java:111)
	at kz.bakdaulet.telegramchatbot.contoller.UpdateController.processUpdate(UpdateController.java:94)
	at kz.bakdaulet.telegramchatbot.contoller.TelegramBot.onUpdateReceived(TelegramBot.java:30)
	at java.base/java.util.ArrayList.forEach(ArrayList.java:1511)
	at org.telegram.telegrambots.meta.generics.LongPollingBot.onUpdatesReceived(LongPollingBot.java:27)
	at org.telegram.telegrambots.updatesreceivers.DefaultBotSession$HandlerThread.run(DefaultBotSession.java:312)
Caused by: java.io.FileNotFoundException: D:\BackendSpring\Telegram\src\files\excel_file_20231219_163757.xlsx (Системе не удается найти указанный путь)
	at java.base/java.io.FileInputStream.open0(Native Method)
	at java.base/java.io.FileInputStream.open(FileInputStream.java:216)
	at java.base/java.io.FileInputStream.<init>(FileInputStream.java:157)
	at org.apache.http.entity.mime.content.FileBody.writeTo(FileBody.java:116)
	at org.apache.http.entity.mime.AbstractMultipartForm.doWriteTo(AbstractMultipartForm.java:134)
	at org.apache.http.entity.mime.AbstractMultipartForm.writeTo(AbstractMultipartForm.java:157)
	at org.apache.http.entity.mime.MultipartFormEntity.writeTo(MultipartFormEntity.java:113)
	at org.apache.http.impl.DefaultBHttpClientConnection.sendRequestEntity(DefaultBHttpClientConnection.java:156)
	at org.apache.http.impl.conn.CPoolProxy.sendRequestEntity(CPoolProxy.java:152)
	at org.apache.http.protocol.HttpRequestExecutor.doSendRequest(HttpRequestExecutor.java:238)
	at org.apache.http.protocol.HttpRequestExecutor.execute(HttpRequestExecutor.java:123)
	at org.apache.http.impl.execchain.MainClientExec.execute(MainClientExec.java:272)
	at org.apache.http.impl.execchain.ProtocolExec.execute(ProtocolExec.java:186)
	at org.apache.http.impl.execchain.RetryExec.execute(RetryExec.java:89)
	at org.apache.http.impl.execchain.RedirectExec.execute(RedirectExec.java:110)
	at org.apache.http.impl.client.InternalHttpClient.doExecute(InternalHttpClient.java:185)
	at org.apache.http.impl.client.CloseableHttpClient.execute(CloseableHttpClient.java:83)
	at org.telegram.telegrambots.bots.DefaultAbsSender.sendHttpPostRequest(DefaultAbsSender.java:1149)
	at org.telegram.telegrambots.bots.DefaultAbsSender.execute(DefaultAbsSender.java:221)
	... 8 more
2023-12-19 16:39:06 INFO  TelegramBotConfiguration:20 - TelegramBot registered in TelegramBotConfiguration class
2023-12-19 16:40:13 INFO  TelegramBotConfiguration:20 - TelegramBot registered in TelegramBotConfiguration class
2023-12-19 16:49:23 INFO  TelegramBotConfiguration:20 - TelegramBot registered in TelegramBotConfiguration class
2023-12-19 18:04:53 INFO  TelegramBotConfiguration:20 - TelegramBot registered in TelegramBotConfiguration class
2023-12-19 19:57:59 INFO  TelegramBotConfiguration:20 - TelegramBot registered in TelegramBotConfiguration class
2023-12-19 20:00:19 INFO  TelegramBotConfiguration:20 - TelegramBot registered in TelegramBotConfiguration class
2023-12-19 20:01:22 INFO  TelegramBotConfiguration:20 - TelegramBot registered in TelegramBotConfiguration class
2023-12-19 20:33:15 INFO  TelegramBotConfiguration:20 - TelegramBot registered in TelegramBotConfiguration class
2023-12-19 20:34:46 INFO  TelegramBotConfiguration:20 - TelegramBot registered in TelegramBotConfiguration class
2023-12-19 20:35:02 INFO  TelegramBotConfiguration:20 - TelegramBot registered in TelegramBotConfiguration class
2023-12-19 20:36:18 INFO  TelegramBotConfiguration:20 - TelegramBot registered in TelegramBotConfiguration class
2023-12-19 20:37:27 INFO  TelegramBotConfiguration:20 - TelegramBot registered in TelegramBotConfiguration class
2023-12-19 20:40:57 INFO  TelegramBotConfiguration:20 - TelegramBot registered in TelegramBotConfiguration class
2023-12-19 20:48:46 INFO  TelegramBotConfiguration:20 - TelegramBot registered in TelegramBotConfiguration class
2023-12-19 21:07:54 INFO  TelegramBotConfiguration:20 - TelegramBot registered in TelegramBotConfiguration class
2023-12-19 21:08:04 INFO  TelegramBotConfiguration:20 - TelegramBot registered in TelegramBotConfiguration class
2023-12-19 21:09:47 INFO  TelegramBotConfiguration:20 - TelegramBot registered in TelegramBotConfiguration class
2023-12-19 21:22:09 INFO  TelegramBotConfiguration:20 - TelegramBot registered in TelegramBotConfiguration class
2023-12-19 21:22:50 INFO  TelegramBotConfiguration:20 - TelegramBot registered in TelegramBotConfiguration class
2023-12-19 21:41:05 INFO  TelegramBotConfiguration:20 - TelegramBot registered in TelegramBotConfiguration class
2023-12-19 21:43:29 INFO  TelegramBotConfiguration:20 - TelegramBot registered in TelegramBotConfiguration class
2023-12-19 21:47:27 INFO  TelegramBotConfiguration:20 - TelegramBot registered in TelegramBotConfiguration class
2023-12-19 21:48:55 INFO  TelegramBotConfiguration:20 - TelegramBot registered in TelegramBotConfiguration class
2023-12-19 21:49:48 INFO  TelegramBotConfiguration:20 - TelegramBot registered in TelegramBotConfiguration class
2023-12-19 21:53:54 INFO  TelegramBotConfiguration:20 - TelegramBot registered in TelegramBotConfiguration class
2023-12-19 21:55:52 INFO  TelegramBotConfiguration:20 - TelegramBot registered in TelegramBotConfiguration class
2023-12-19 22:00:36 INFO  TelegramBotConfiguration:20 - TelegramBot registered in TelegramBotConfiguration class
2023-12-19 22:06:22 INFO  TelegramBotConfiguration:20 - TelegramBot registered in TelegramBotConfiguration class
2023-12-19 23:36:16 INFO  TelegramBotConfiguration:20 - TelegramBot registered in TelegramBotConfiguration class
2023-12-20 02:48:59 INFO  TelegramBotConfiguration:19 - TelegramBot registered in TelegramBotConfiguration class
2023-12-20 02:51:53 INFO  TelegramBotConfiguration:19 - TelegramBot registered in TelegramBotConfiguration class
2023-12-20 02:58:24 INFO  TelegramBotConfiguration:19 - TelegramBot registered in TelegramBotConfiguration class
2023-12-20 03:28:46 INFO  TelegramBotConfiguration:19 - TelegramBot registered in TelegramBotConfiguration class
2023-12-20 03:31:24 INFO  TelegramBotConfiguration:19 - TelegramBot registered in TelegramBotConfiguration class
2023-12-20 03:32:40 INFO  TelegramBotConfiguration:19 - TelegramBot registered in TelegramBotConfiguration class
2023-12-20 03:33:51 INFO  TelegramBotConfiguration:19 - TelegramBot registered in TelegramBotConfiguration class
2023-12-20 03:38:58 INFO  TelegramBotConfiguration:19 - TelegramBot registered in TelegramBotConfiguration class
2023-12-20 03:40:23 INFO  TelegramBotConfiguration:19 - TelegramBot registered in TelegramBotConfiguration class
2023-12-20 03:51:35 INFO  TelegramBotConfiguration:19 - TelegramBot registered in TelegramBotConfiguration class
2023-12-20 04:19:39 INFO  TelegramBotConfiguration:19 - TelegramBot registered in TelegramBotConfiguration class
